<?xml version="1.0" encoding="UTF-8"?>
<!-- Generated by org.testng.reporters.JUnitReportReporter -->
<testsuite hostname="LAPTOP-LEU1AQSE" failures="0" tests="6" name="com.pagaal.org.Parameterized" time="62.183" errors="0" timestamp="2021-11-22T13:19:19 IST" skipped="0">
  <testcase classname="com.pagaal.org.Parameterized" name="login" time="9.972"/>
  <system-out/>
  <testcase classname="com.pagaal.org.Parameterized" name="login" time="10.796"/>
  <system-out/>
  <testcase classname="com.pagaal.org.Parameterized" name="login" time="9.417"/>
  <system-out/>
  <testcase classname="com.pagaal.org.Parameterized" name="login" time="9.782"/>
  <system-out/>
  <testcase classname="com.pagaal.org.Parameterized" name="login" time="11.155"/>
  <system-out/>
  <testcase classname="com.pagaal.org.Parameterized" name="instagram" time="11.061"/>
  <system-out/>
</testsuite> <!-- com.pagaal.org.Parameterized -->
